<?xml version="1.0" encoding="UTF-8"?>
<!-- Generated by org.testng.reporters.JUnitXMLReporter -->
<testsuite ignored="0" hostname="Arifuls-MacBook-Pro.local" failures="0" tests="2" name="smoketest - maybreezeQAF" time="0.435" errors="0" timestamp="10 Jul 2022 17:01:27 GMT">
  <testcase classname="io.cucumber.testng.AbstractTestNGCucumberTests" name="runScenario" time="0.122"/>
  <testcase classname="io.cucumber.testng.AbstractTestNGCucumberTests" name="runScenario" time="0.007"/>
</testsuite> <!-- smoketest - maybreezeQAF -->
