<?xml version="1.0" encoding="UTF-8"?>
<!-- Generated by org.testng.reporters.JUnitXMLReporter -->
<testsuite ignored="0" hostname="Arifuls-MacBook-Pro.local" failures="0" tests="2" name="smoketest - maybreezeQAF" time="0.444" errors="0" timestamp="10 Jul 2022 17:27:18 GMT">
  <testcase classname="io.cucumber.testng.AbstractTestNGCucumberTests" name="runScenario" time="0.153"/>
  <testcase classname="io.cucumber.testng.AbstractTestNGCucumberTests" name="runScenario" time="0.005"/>
</testsuite> <!-- smoketest - maybreezeQAF -->
